Arguments: 
  /home/atakan/.nvm/versions/node/v8.9.4/bin/node /usr/bin/yarn

PATH: 
  /home/atakan/bin:/home/atakan/.local/bin:/home/atakan/.nvm/versions/node/v8.9.4/bin:/home/atakan/bin:/home/atakan/.local/bin:/usr/local/sbin:/usr/local/bin:/usr/sbin:/usr/bin:/sbin:/bin:/usr/games:/usr/local/games:/snap/bin:/usr/lib/jvm/java-8-oracle/bin:/usr/lib/jvm/java-8-oracle/db/bin:/usr/lib/jvm/java-8-oracle/jre/bin:/usr/lib/jvm/java-8-oracle/bin:/usr/lib/jvm/java-8-oracle/db/bin:/usr/lib/jvm/java-8-oracle/jre/bin

Yarn version: 
  0.27.5

Node version: 
  8.9.4

Platform: 
  linux x64

npm manifest: 
  {
    "name": "ui",
    "version": "0.0.0",
    "scripts": {
      "ng": "ng",
      "start": "ng serve --proxy-config proxy-config.json --port 4201",
      "start-local": "ng serve --proxy-config proxy-config-local.json --port 4201",
      "build": "ng build --prod --base-href --deploy-url \"/ti/\"",
      "test": "ng test",
      "lint": "ng lint",
      "e2e": "ng e2e"
    },
    "private": true,
    "dependencies": {
      "@angular/animations": "7.0.0",
      "@angular/common": "7.0.0",
      "@angular/compiler": "7.0.0",
      "@angular/core": "7.0.0",
      "@angular/forms": "7.0.0",
      "@angular/http": "7.0.0",
      "@angular/platform-browser": "7.0.0",
      "@angular/platform-browser-dynamic": "7.0.0",
      "@angular/router": "7.0.0",
      "@ngx-translate/core": "^11.0.1",
      "@ngx-translate/http-loader": "3.0.1",
      "core-js": "^2.5.4",
      "famfamfam-flags": "^1.0.0",
      "jquery": "^3.3.1",
      "ngx-auth": "4.0.0",
      "ngx-captcha": "^5.0.4",
      "primeicons": "^1.0.0",
      "primeng": "^7.0.0",
      "rxjs": "6.3.3",
      "sweetalert": "^2.1.2",
      "zone.js": "~0.8.26"
    },
    "devDependencies": {
      "@angular-devkit/build-angular": "~0.8.0",
      "@angular/cli": "7.0.1",
      "@angular/compiler-cli": "7.0.0",
      "@angular/language-service": "7.0.0",
      "@types/jasmine": "~2.8.8",
      "@types/jasminewd2": "~2.0.3",
      "@types/node": "~8.9.4",
      "codelyzer": "~4.3.0",
      "jasmine-core": "~2.99.1",
      "jasmine-spec-reporter": "~4.2.1",
      "karma": "~3.0.0",
      "karma-chrome-launcher": "~2.2.0",
      "karma-coverage-istanbul-reporter": "~2.0.1",
      "karma-jasmine": "~1.1.2",
      "karma-jasmine-html-reporter": "^0.2.2",
      "protractor": "~5.4.0",
      "ts-node": "~7.0.0",
      "tslint": "~5.11.0",
      "typescript": "3.1.3"
    }
  }

yarn manifest: 
  No manifest

Lockfile: 
  No lockfile

Trace: 
  Error: http://npm.everva.com.tr/@angular%2fanimations: ETIMEDOUT
      at Timeout._onTimeout (/usr/lib/node_modules/yarn/node_modules/request/request.js:849:19)
      at ontimeout (timers.js:475:11)
      at tryOnTimeout (timers.js:310:5)
      at Timer.listOnTimeout (timers.js:270:5)
